<?xml version="1.0" encoding="UTF-8"?>
<testng-results skipped="0" failed="0" ignored="0" total="1" passed="1">
  <reporter-output>
  </reporter-output>
  <suite name="Default suite" duration-ms="2010" started-at="2019-08-28T22:50:07 PDT" finished-at="2019-08-28T22:50:09 PDT">
    <groups>
    </groups>
    <test name="Default test" duration-ms="2010" started-at="2019-08-28T22:50:07 PDT" finished-at="2019-08-28T22:50:09 PDT">
      <class name="GetRequest.getauth">
        <test-method status="PASS" signature="testauth()[pri:0, instance:GetRequest.getauth@6f1fba17]" name="testauth" duration-ms="1954" started-at="2019-08-28T22:50:07 PDT" finished-at="2019-08-28T22:50:09 PDT">
          <reporter-output>
          </reporter-output>
        </test-method> <!-- testauth -->
      </class> <!-- GetRequest.getauth -->
    </test> <!-- Default test -->
  </suite> <!-- Default suite -->
</testng-results>
